<?xml version="1.0" encoding="UTF-8"?>
<!-- Generated by org.testng.reporters.JUnitReportReporter -->
<testsuite hostname="DESKTOP-CJ2TM4F" failures="0" tests="1" name="com.Actitime.TestScript.TaskTest" time="13.531" errors="0" timestamp="2023-03-30T11:37:33 IST" skipped="0">
  <testcase classname="com.Actitime.TestScript.TaskTest" name="CreateCustomer" time="13.531"/>
  <system-out/>
</testsuite> <!-- com.Actitime.TestScript.TaskTest -->
